<?xml version="1.0" encoding="UTF-8"?>
<!-- Generated by org.testng.reporters.JUnitXMLReporter -->
<testsuite ignored="0" hostname="LAB103PL1HK3" failures="0" tests="7" name="Command line test" time="35.994" errors="0" timestamp="2022-04-21T09:25:50 SAST">
  <testcase classname="TestJourneys.Test" name="LaunchBrowser" time="11.928"/>
  <testcase classname="TestJourneys.Test" name="EnterCredentials" time="0.148"/>
  <testcase classname="TestJourneys.Test" name="ClickNextBtn" time="5.066"/>
  <testcase classname="TestJourneys.Test" name="HandlePassword" time="0.198"/>
  <testcase classname="TestJourneys.Test" name="ClickLogon" time="0.041"/>
  <testcase classname="TestJourneys.Test" name="HandlePopup" time="18.201"/>
  <testcase classname="TestJourneys.Test" name="Closebrowser" time="0.371"/>
</testsuite> <!-- Command line test -->
