<?xml version="1.0" encoding="UTF-8"?>
<!-- Generated by org.testng.reporters.JUnitXMLReporter -->
<testsuite ignored="0" hostname="LAB103PL1HK3" failures="0" tests="7" name="Command line test" time="27.89" errors="0" timestamp="2022-04-16T07:44:02 SAST">
  <testcase classname="TestJourneys.Test" name="LaunchBrowser" time="12.604"/>
  <testcase classname="TestJourneys.Test" name="EnterCredentials" time="0.116"/>
  <testcase classname="TestJourneys.Test" name="ClickNextBtn" time="5.055"/>
  <testcase classname="TestJourneys.Test" name="HandlePassword" time="0.176"/>
  <testcase classname="TestJourneys.Test" name="ClickLogon" time="0.045"/>
  <testcase classname="TestJourneys.Test" name="HandlePopup" time="9.533"/>
  <testcase classname="TestJourneys.Test" name="Closebrowser" time="0.322"/>
</testsuite> <!-- Command line test -->
